\BOOKMARK [0][-]{chapter.1}{基础}{}% 1
\BOOKMARK [1][-]{section.1.1}{常见错误}{chapter.1}% 2
\BOOKMARK [1][-]{section.1.2}{思考角度}{chapter.1}% 3
\BOOKMARK [1][-]{section.1.3}{奇巧淫技}{chapter.1}% 4
\BOOKMARK [2][-]{subsection.1.3.1}{memset初始化极大极小值和较大较小值}{section.1.3}% 5
\BOOKMARK [2][-]{subsection.1.3.2}{二进制中1的个数}{section.1.3}% 6
\BOOKMARK [2][-]{subsection.1.3.3}{vector去重}{section.1.3}% 7
\BOOKMARK [2][-]{subsection.1.3.4}{快速乘法}{section.1.3}% 8
\BOOKMARK [2][-]{subsection.1.3.5}{快速开方}{section.1.3}% 9
\BOOKMARK [2][-]{subsection.1.3.6}{高精度开根a1b}{section.1.3}% 10
\BOOKMARK [2][-]{subsection.1.3.7}{把所有点\(向量\)从第三象限开始逆时针排序}{section.1.3}% 11
\BOOKMARK [2][-]{subsection.1.3.8}{求长度为n的有序数组a中k的个数}{section.1.3}% 12
\BOOKMARK [2][-]{subsection.1.3.9}{C++关闭同步}{section.1.3}% 13
\BOOKMARK [2][-]{subsection.1.3.10}{cout浮点数控制精度输出}{section.1.3}% 14
\BOOKMARK [2][-]{subsection.1.3.11}{快读}{section.1.3}% 15
\BOOKMARK [1][-]{section.1.4}{结论}{chapter.1}% 16
\BOOKMARK [2][-]{subsection.1.4.1}{判断n个整数坐标能否构成正n边形}{section.1.4}% 17
\BOOKMARK [2][-]{subsection.1.4.2}{已知年月日计算星期几}{section.1.4}% 18
\BOOKMARK [2][-]{subsection.1.4.3}{方格染色}{section.1.4}% 19
\BOOKMARK [2][-]{subsection.1.4.4}{包含特定方格所有子矩阵面积和}{section.1.4}% 20
\BOOKMARK [2][-]{subsection.1.4.5}{n以内gcd\(a,b\)=d的无序对对数}{section.1.4}% 21
\BOOKMARK [2][-]{subsection.1.4.6}{gcd\(xa-1,xb-1\)=xgcd\(a,b\)-1}{section.1.4}% 22
\BOOKMARK [2][-]{subsection.1.4.7}{方阵快速幂}{section.1.4}% 23
\BOOKMARK [1][-]{section.1.5}{归并排序及利用归并排序求逆序对数}{chapter.1}% 24
\BOOKMARK [1][-]{section.1.6}{快排、利用快排查找第k大元素}{chapter.1}% 25
\BOOKMARK [1][-]{section.1.7}{矩阵快速幂}{chapter.1}% 26
\BOOKMARK [2][-]{subsection.1.7.1}{循环矩阵}{section.1.7}% 27
\BOOKMARK [1][-]{section.1.8}{高精度}{chapter.1}% 28
\BOOKMARK [2][-]{subsection.1.8.1}{利用FFT实现大数乘法}{section.1.8}% 29
\BOOKMARK [0][-]{chapter.2}{搜索}{}% 30
\BOOKMARK [1][-]{section.2.1}{折半搜索}{chapter.2}% 31
\BOOKMARK [0][-]{chapter.3}{STL}{}% 32
\BOOKMARK [1][-]{section.3.1}{bitset}{chapter.3}% 33
\BOOKMARK [2][-]{subsection.3.1.1}{用unsigned long值初始化bitset对象}{section.3.1}% 34
\BOOKMARK [2][-]{subsection.3.1.2}{用string对象初始化bitset对象}{section.3.1}% 35
\BOOKMARK [2][-]{subsection.3.1.3}{操作}{section.3.1}% 36
\BOOKMARK [2][-]{subsection.3.1.4}{测试}{section.3.1}% 37
\BOOKMARK [1][-]{section.3.2}{单调栈、单调队列}{chapter.3}% 38
\BOOKMARK [2][-]{subsection.3.2.1}{单调栈}{section.3.2}% 39
\BOOKMARK [2][-]{subsection.3.2.2}{单调队列}{section.3.2}% 40
\BOOKMARK [1][-]{section.3.3}{list}{chapter.3}% 41
\BOOKMARK [2][-]{subsection.3.3.1}{CF\040350\040E}{section.3.3}% 42
\BOOKMARK [0][-]{chapter.4}{计算几何}{}% 43
\BOOKMARK [1][-]{section.4.1}{简单}{chapter.4}% 44
\BOOKMARK [2][-]{subsection.4.1.1}{定义}{section.4.1}% 45
\BOOKMARK [2][-]{subsection.4.1.2}{顺时针输出所有顶点}{section.4.1}% 46
\BOOKMARK [2][-]{subsection.4.1.3}{求半径R圆覆盖最多点数及由圆上两点和半径求圆心}{section.4.1}% 47
\BOOKMARK [2][-]{subsection.4.1.4}{计算两圆公共部分面积}{section.4.1}% 48
\BOOKMARK [2][-]{subsection.4.1.5}{判断两线段是否相交}{section.4.1}% 49
\BOOKMARK [2][-]{subsection.4.1.6}{判断点和多边形的关系}{section.4.1}% 50
\BOOKMARK [2][-]{subsection.4.1.7}{计算多边形的最小宽度}{section.4.1}% 51
\BOOKMARK [2][-]{subsection.4.1.8}{计算多边形的最长内直径}{section.4.1}% 52
\BOOKMARK [1][-]{section.4.2}{凸包}{chapter.4}% 53
\BOOKMARK [2][-]{subsection.4.2.1}{求凸包顶点:Graham扫描法}{section.4.2}% 54
\BOOKMARK [2][-]{subsection.4.2.2}{判断稳定凸包}{section.4.2}% 55
\BOOKMARK [2][-]{subsection.4.2.3}{凸包直径}{section.4.2}% 56
\BOOKMARK [2][-]{subsection.4.2.4}{凸包周长及面积}{section.4.2}% 57
\BOOKMARK [2][-]{subsection.4.2.5}{凸包最大三角形面积}{section.4.2}% 58
\BOOKMARK [2][-]{subsection.4.2.6}{凸包最大四边形面积}{section.4.2}% 59
\BOOKMARK [2][-]{subsection.4.2.7}{最小覆盖矩形面积}{section.4.2}% 60
\BOOKMARK [2][-]{subsection.4.2.8}{凸包最小外接平行四边形面积}{section.4.2}% 61
\BOOKMARK [2][-]{subsection.4.2.9}{两相离凸包最短距离}{section.4.2}% 62
\BOOKMARK [1][-]{section.4.3}{三维几何}{chapter.4}% 63
\BOOKMARK [2][-]{subsection.4.3.1}{任意四面体的外接球半径公式}{section.4.3}% 64
\BOOKMARK [2][-]{subsection.4.3.2}{定义}{section.4.3}% 65
\BOOKMARK [2][-]{subsection.4.3.3}{给定四个点，求四面体内切球球心和半径}{section.4.3}% 66
\BOOKMARK [2][-]{subsection.4.3.4}{给定四面体的六条边长求四面体体积}{section.4.3}% 67
\BOOKMARK [0][-]{chapter.5}{数论}{}% 68
\BOOKMARK [1][-]{section.5.1}{一些理论}{chapter.5}% 69
\BOOKMARK [2][-]{subsection.5.1.1}{大整数取模}{section.5.1}% 70
\BOOKMARK [2][-]{subsection.5.1.2}{哥德巴赫猜想（1+1问题）}{section.5.1}% 71
\BOOKMARK [2][-]{subsection.5.1.3}{费马小定理}{section.5.1}% 72
\BOOKMARK [2][-]{subsection.5.1.4}{素数定理}{section.5.1}% 73
\BOOKMARK [2][-]{subsection.5.1.5}{算数基本定理}{section.5.1}% 74
\BOOKMARK [2][-]{subsection.5.1.6}{ax+by=c的任意整数解}{section.5.1}% 75
\BOOKMARK [2][-]{subsection.5.1.7}{n是m的倍数，[1,n]中和m互素数个数}{section.5.1}% 76
\BOOKMARK [2][-]{subsection.5.1.8}{p为奇素数，1\(p - 1\) 模p的逆元对应全部1\(p-1\)中的所有数，既是单射也是满射}{section.5.1}% 77
\BOOKMARK [2][-]{subsection.5.1.9}{调和级数求和}{section.5.1}% 78
\BOOKMARK [2][-]{subsection.5.1.10}{如果gcd\(a,m\)=1,那么gcd\(a+k*m,m\)=1,kZ}{section.5.1}% 79
\BOOKMARK [2][-]{subsection.5.1.11}{指数降幂公式}{section.5.1}% 80
\BOOKMARK [1][-]{section.5.2}{素数筛}{chapter.5}% 81
\BOOKMARK [2][-]{subsection.5.2.1}{区间素数筛}{section.5.2}% 82
\BOOKMARK [1][-]{section.5.3}{约数筛}{chapter.5}% 83
\BOOKMARK [2][-]{subsection.5.3.1}{51nod\0401586}{section.5.3}% 84
\BOOKMARK [1][-]{section.5.4}{分解质因数}{chapter.5}% 85
\BOOKMARK [2][-]{subsection.5.4.1}{给定n求满足ap = n的最大p}{section.5.4}% 86
\BOOKMARK [2][-]{subsection.5.4.2}{求满足lcm\(i, j\) = n\(1i j n1014\)的\(i, j\)对数}{section.5.4}% 87
\BOOKMARK [1][-]{section.5.5}{逆元}{chapter.5}% 88
\BOOKMARK [2][-]{subsection.5.5.1}{介绍}{section.5.5}% 89
\BOOKMARK [2][-]{subsection.5.5.2}{模素数逆元连乘}{section.5.5}% 90
\BOOKMARK [1][-]{section.5.6}{欧拉函数}{chapter.5}% 91
\BOOKMARK [2][-]{subsection.5.6.1}{介绍}{section.5.6}% 92
\BOOKMARK [2][-]{subsection.5.6.2}{求单个数的欧拉函数}{section.5.6}% 93
\BOOKMARK [2][-]{subsection.5.6.3}{欧拉筛}{section.5.6}% 94
\BOOKMARK [1][-]{section.5.7}{扩展欧几里德}{chapter.5}% 95
\BOOKMARK [2][-]{subsection.5.7.1}{裴蜀定理}{section.5.7}% 96
\BOOKMARK [2][-]{subsection.5.7.2}{求解逆元ax 1 \(mod n\)的最小非负数解}{section.5.7}% 97
\BOOKMARK [2][-]{subsection.5.7.3}{求所有解中C = |x| + |y|最小值}{section.5.7}% 98
\BOOKMARK [2][-]{subsection.5.7.4}{求最小非负整数解x和此时的y}{section.5.7}% 99
\BOOKMARK [1][-]{section.5.8}{模线性方程组}{chapter.5}% 100
\BOOKMARK [2][-]{subsection.5.8.1}{利用扩展欧几里德求解模线性同余方程 axb\(mod n\)}{section.5.8}% 101
\BOOKMARK [1][-]{section.5.9}{中国剩余定理}{chapter.5}% 102
\BOOKMARK [2][-]{subsection.5.9.1}{模数互素}{section.5.9}% 103
\BOOKMARK [2][-]{subsection.5.9.2}{模数不互素}{section.5.9}% 104
\BOOKMARK [1][-]{section.5.10}{法雷级数}{chapter.5}% 105
\BOOKMARK [2][-]{subsection.5.10.1}{介绍}{section.5.10}% 106
\BOOKMARK [2][-]{subsection.5.10.2}{n级法雷数列}{section.5.10}% 107
\BOOKMARK [2][-]{subsection.5.10.3}{法雷数列的构造}{section.5.10}% 108
\BOOKMARK [2][-]{subsection.5.10.4}{求n级法雷级数个数}{section.5.10}% 109
\BOOKMARK [2][-]{subsection.5.10.5}{性质}{section.5.10}% 110
\BOOKMARK [1][-]{section.5.11}{原根}{chapter.5}% 111
\BOOKMARK [2][-]{subsection.5.11.1}{介绍}{section.5.11}% 112
\BOOKMARK [2][-]{subsection.5.11.2}{求模素数p的所有原根}{section.5.11}% 113
\BOOKMARK [1][-]{section.5.12}{BSGS算法}{chapter.5}% 114
\BOOKMARK [2][-]{subsection.5.12.1}{扩展BSGS\(gcd\(a, p\)  != 1\)}{section.5.12}% 115
\BOOKMARK [1][-]{section.5.13}{莫比乌斯反演}{chapter.5}% 116
\BOOKMARK [2][-]{subsection.5.13.1}{积性函数}{section.5.13}% 117
\BOOKMARK [2][-]{subsection.5.13.2}{狄利克雷卷积}{section.5.13}% 118
\BOOKMARK [2][-]{subsection.5.13.3}{莫比乌斯反演公式}{section.5.13}% 119
\BOOKMARK [2][-]{subsection.5.13.4}{莫比乌斯函数}{section.5.13}% 120
\BOOKMARK [2][-]{subsection.5.13.5}{线性筛求解积性函数}{section.5.13}% 121
\BOOKMARK [1][-]{section.5.14}{反素数}{chapter.5}% 122
\BOOKMARK [2][-]{subsection.5.14.1}{介绍}{section.5.14}% 123
\BOOKMARK [2][-]{subsection.5.14.2}{求最小的n使得其约数个数为x}{section.5.14}% 124
\BOOKMARK [1][-]{section.5.15}{卢卡斯定理}{chapter.5}% 125
\BOOKMARK [2][-]{subsection.5.15.1}{给定n求Cnm\(0mn108\)为奇数的m个数}{section.5.15}% 126
\BOOKMARK [1][-]{section.5.16}{特殊方法}{chapter.5}% 127
\BOOKMARK [2][-]{subsection.5.16.1}{nk的高三位}{section.5.16}% 128
\BOOKMARK [2][-]{subsection.5.16.2}{约数个数之和，定义d\(i\)为i的约数个数}{section.5.16}% 129
\BOOKMARK [2][-]{subsection.5.16.3}{给定k，求最小的n使得n的约数个数恰为n-k个\(k47777\)}{section.5.16}% 130
\BOOKMARK [2][-]{subsection.5.16.4}{Cnm12mumod p\(p=p1*p2,且p1,p2为素数\)}{section.5.16}% 131
\BOOKMARK [0][-]{chapter.6}{数学相关}{}% 132
\BOOKMARK [1][-]{section.6.1}{Polya原理、Burnside引理}{chapter.6}% 133
\BOOKMARK [2][-]{subsection.6.1.1}{介绍}{section.6.1}% 134
\BOOKMARK [2][-]{subsection.6.1.2}{Burnside引理}{section.6.1}% 135
\BOOKMARK [2][-]{subsection.6.1.3}{Polya原理}{section.6.1}% 136
\BOOKMARK [2][-]{subsection.6.1.4}{n*n的方阵，每个小格可涂m种颜色，求在旋转操作下本质不同的解的总数}{section.6.1}% 137
\BOOKMARK [2][-]{subsection.6.1.5}{各有a,b,c\(a,b,c 0, a+b+c 40\)颗三种颜色，问这些珠子能串成的项链有多少种?考虑翻转和旋转。}{section.6.1}% 138
\BOOKMARK [2][-]{subsection.6.1.6}{给出12根等长的火柴棒，每根火柴棒的颜色属于1-6中的一种，问能拼成多少种不同的正方体？\(考虑旋转\)}{section.6.1}% 139
\BOOKMARK [2][-]{subsection.6.1.7}{[POJ\0402888\040Magic\040Bracelet]}{section.6.1}% 140
\BOOKMARK [1][-]{section.6.2}{容斥原理}{chapter.6}% 141
\BOOKMARK [2][-]{subsection.6.2.1}{求区间[A,B]中和n互素的数个数？1A B 1015,1n 109}{section.6.2}% 142
\BOOKMARK [2][-]{subsection.6.2.2}{给一个n，在p[1, n]范围满足mk=p\(m 1, k > 1的数字p的个数。1 n 1018}{section.6.2}% 143
\BOOKMARK [1][-]{section.6.3}{博弈论}{chapter.6}% 144
\BOOKMARK [2][-]{subsection.6.3.1}{威佐夫博弈\(Wythoff Game\)}{section.6.3}% 145
\BOOKMARK [1][-]{section.6.4}{约瑟夫环问题}{chapter.6}% 146
\BOOKMARK [2][-]{subsection.6.4.1}{第一次第m个人出列，以后每次第k个人出列}{section.6.4}% 147
\BOOKMARK [2][-]{subsection.6.4.2}{每次都是第2个人出列，求n个人最终剩下的编号（编号从1开始）}{section.6.4}% 148
\BOOKMARK [2][-]{subsection.6.4.3}{第i轮从上一轮出局的人的下一个人开始从1报数，报到i就停止且报到i的这个人出局}{section.6.4}% 149
\BOOKMARK [2][-]{subsection.6.4.4}{获得每一轮出列的人的编号}{section.6.4}% 150
\BOOKMARK [1][-]{section.6.5}{康托展开}{chapter.6}% 151
\BOOKMARK [1][-]{section.6.6}{FFT}{chapter.6}% 152
\BOOKMARK [2][-]{subsection.6.6.1}{UVA 12633 超级车}{section.6.6}% 153
\BOOKMARK [2][-]{subsection.6.6.2}{SPOJ\040Triple\040Sum}{section.6.6}% 154
\BOOKMARK [2][-]{subsection.6.6.3}{HDU\0405730\040Shell\040Necklace}{section.6.6}% 155
\BOOKMARK [1][-]{section.6.7}{NTT}{chapter.6}% 156
\BOOKMARK [2][-]{subsection.6.7.1}{HDU\0405322\040Hope}{section.6.7}% 157
\BOOKMARK [2][-]{subsection.6.7.2}{HDU 5552 图计数}{section.6.7}% 158
\BOOKMARK [2][-]{subsection.6.7.3}{HDU 5829 卷积平移}{section.6.7}% 159
\BOOKMARK [1][-]{section.6.8}{FWT}{chapter.6}% 160
\BOOKMARK [2][-]{subsection.6.8.1}{HDU 5909 连通块异或和为i个数}{section.6.8}% 161
\BOOKMARK [0][-]{chapter.7}{动态规划}{}% 162
\BOOKMARK [1][-]{section.7.1}{LIS}{chapter.7}% 163
\BOOKMARK [2][-]{subsection.7.1.1}{最长非降子序列}{section.7.1}% 164
\BOOKMARK [2][-]{subsection.7.1.2}{三维LIS}{section.7.1}% 165
\BOOKMARK [1][-]{section.7.2}{区间dp}{chapter.7}% 166
\BOOKMARK [2][-]{subsection.7.2.1}{LightOJ\0401422}{section.7.2}% 167
\BOOKMARK [2][-]{subsection.7.2.2}{PKU\0401142}{section.7.2}% 168
\BOOKMARK [2][-]{subsection.7.2.3}{CF\040149\040D}{section.7.2}% 169
\BOOKMARK [1][-]{section.7.3}{树型dp}{chapter.7}% 170
\BOOKMARK [2][-]{subsection.7.3.1}{树的直径}{section.7.3}% 171
\BOOKMARK [2][-]{subsection.7.3.2}{求树直径的方法}{section.7.3}% 172
\BOOKMARK [2][-]{subsection.7.3.3}{HDU\0404126}{section.7.3}% 173
\BOOKMARK [1][-]{section.7.4}{数位dp}{chapter.7}% 174
\BOOKMARK [2][-]{subsection.7.4.1}{2014\040GCJ\040Round\0401B}{section.7.4}% 175
\BOOKMARK [2][-]{subsection.7.4.2}{区间最大上升子序列长度为K的数字个数}{section.7.4}% 176
\BOOKMARK [2][-]{subsection.7.4.3}{区间所有和7“无关”数字平方和}{section.7.4}% 177
\BOOKMARK [2][-]{subsection.7.4.4}{SGU\040390\040Tickets}{section.7.4}% 178
\BOOKMARK [1][-]{section.7.5}{状压dp}{chapter.7}% 179
\BOOKMARK [2][-]{subsection.7.5.1}{覆盖模型}{section.7.5}% 180
\BOOKMARK [2][-]{subsection.7.5.2}{图论模型}{section.7.5}% 181
\BOOKMARK [1][-]{section.7.6}{dp优化}{chapter.7}% 182
\BOOKMARK [2][-]{subsection.7.6.1}{二进制优化}{section.7.6}% 183
\BOOKMARK [2][-]{subsection.7.6.2}{单调队列优化}{section.7.6}% 184
\BOOKMARK [2][-]{subsection.7.6.3}{斜率优化}{section.7.6}% 185
\BOOKMARK [2][-]{subsection.7.6.4}{四边形不等式优化}{section.7.6}% 186
\BOOKMARK [2][-]{subsection.7.6.5}{bitset优化}{section.7.6}% 187
\BOOKMARK [0][-]{chapter.8}{数据结构}{}% 188
\BOOKMARK [1][-]{section.8.1}{哈希}{chapter.8}% 189
\BOOKMARK [1][-]{section.8.2}{并查集}{chapter.8}% 190
\BOOKMARK [2][-]{subsection.8.2.1}{加权并查集}{section.8.2}% 191
\BOOKMARK [2][-]{subsection.8.2.2}{分层并查集}{section.8.2}% 192
\BOOKMARK [1][-]{section.8.3}{RMQ}{chapter.8}% 193
\BOOKMARK [1][-]{section.8.4}{线段树}{chapter.8}% 194
\BOOKMARK [2][-]{subsection.8.4.1}{矩形并的周长}{section.8.4}% 195
\BOOKMARK [2][-]{subsection.8.4.2}{矩形交的面积}{section.8.4}% 196
\BOOKMARK [2][-]{subsection.8.4.3}{矩形并面积}{section.8.4}% 197
\BOOKMARK [1][-]{section.8.5}{树状数组}{chapter.8}% 198
\BOOKMARK [2][-]{subsection.8.5.1}{单点更新，区间求和}{section.8.5}% 199
\BOOKMARK [2][-]{subsection.8.5.2}{区间更新，单点求值}{section.8.5}% 200
\BOOKMARK [2][-]{subsection.8.5.3}{一维区间更新和区间求和}{section.8.5}% 201
\BOOKMARK [2][-]{subsection.8.5.4}{二维区间更新和区间求和}{section.8.5}% 202
\BOOKMARK [1][-]{section.8.6}{树上莫队}{chapter.8}% 203
\BOOKMARK [1][-]{section.8.7}{整体二分}{chapter.8}% 204
\BOOKMARK [2][-]{subsection.8.7.1}{[POJ 2104:区间第k小]}{section.8.7}% 205
\BOOKMARK [2][-]{subsection.8.7.2}{[BZOJ 3110 第k大数]}{section.8.7}% 206
\BOOKMARK [1][-]{section.8.8}{cdq分治\(时间分治\)}{chapter.8}% 207
\BOOKMARK [2][-]{subsection.8.8.1}{[NEU 1702 三维逆序对]}{section.8.8}% 208
\BOOKMARK [2][-]{subsection.8.8.2}{[UVALive 6776 三维LIS]}{section.8.8}% 209
\BOOKMARK [2][-]{subsection.8.8.3}{[BZOJ 3295 动态逆序对]}{section.8.8}% 210
\BOOKMARK [2][-]{subsection.8.8.4}{[BZOJ 2244 导弹拦截]}{section.8.8}% 211
\BOOKMARK [2][-]{subsection.8.8.5}{[BZOJ\0401176\040Mokia]}{section.8.8}% 212
\BOOKMARK [2][-]{subsection.8.8.6}{[BZOJ 1429 货币兑换Cash]}{section.8.8}% 213
\BOOKMARK [2][-]{subsection.8.8.7}{[BZOJ 2961 共点圆]}{section.8.8}% 214
\BOOKMARK [0][-]{chapter.9}{图论}{}% 215
\BOOKMARK [1][-]{section.9.1}{最小生成树}{chapter.9}% 216
\BOOKMARK [2][-]{subsection.9.1.1}{Kruskal\040Algorithm}{section.9.1}% 217
\BOOKMARK [2][-]{subsection.9.1.2}{Prim\040Algorithm}{section.9.1}% 218
\BOOKMARK [1][-]{section.9.2}{拓扑排序}{chapter.9}% 219
\BOOKMARK [1][-]{section.9.3}{欧拉回路}{chapter.9}% 220
\BOOKMARK [2][-]{subsection.9.3.1}{判断}{section.9.3}% 221
\BOOKMARK [2][-]{subsection.9.3.2}{n个点和m条无向边的图，每条边仅可遍历一次，求图中欧拉路径的条数}{section.9.3}% 222
\BOOKMARK [2][-]{subsection.9.3.3}{单词拼接，字典序最小}{section.9.3}% 223
\BOOKMARK [2][-]{subsection.9.3.4}{正向反向两次遍历所有边，路径输出}{section.9.3}% 224
\BOOKMARK [1][-]{section.9.4}{dfs序}{chapter.9}% 225
\BOOKMARK [2][-]{subsection.9.4.1}{CF\040396\040C}{section.9.4}% 226
\BOOKMARK [1][-]{section.9.5}{LCA}{chapter.9}% 227
\BOOKMARK [2][-]{subsection.9.5.1}{暴力求解}{section.9.5}% 228
\BOOKMARK [2][-]{subsection.9.5.2}{二分搜索}{section.9.5}% 229
\BOOKMARK [2][-]{subsection.9.5.3}{基于RMQ的算法}{section.9.5}% 230
\BOOKMARK [2][-]{subsection.9.5.4}{Tarjan算法}{section.9.5}% 231
\BOOKMARK [2][-]{subsection.9.5.5}{利用LCA获得树上任意两点距离}{section.9.5}% 232
\BOOKMARK [1][-]{section.9.6}{最小树形图}{chapter.9}% 233
\BOOKMARK [2][-]{subsection.9.6.1}{朱刘算法}{section.9.6}% 234
\BOOKMARK [2][-]{subsection.9.6.2}{有固定根}{section.9.6}% 235
\BOOKMARK [2][-]{subsection.9.6.3}{无固定根}{section.9.6}% 236
\BOOKMARK [2][-]{subsection.9.6.4}{最小树形图路径}{section.9.6}% 237
\BOOKMARK [2][-]{subsection.9.6.5}{其他}{section.9.6}% 238
\BOOKMARK [1][-]{section.9.7}{生成树计数}{chapter.9}% 239
\BOOKMARK [2][-]{subsection.9.7.1}{Matrix-Tree定理}{section.9.7}% 240
\BOOKMARK [2][-]{subsection.9.7.2}{选择一些边连通使得任意两点之间恰好有一条路径,求不同的选择方案数}{section.9.7}% 241
\BOOKMARK [2][-]{subsection.9.7.3}{最小生成树计数}{section.9.7}% 242
\BOOKMARK [1][-]{section.9.8}{最短路}{chapter.9}% 243
\BOOKMARK [2][-]{subsection.9.8.1}{Dijkstra\040+\040HeapNode}{section.9.8}% 244
\BOOKMARK [2][-]{subsection.9.8.2}{Bellman_Ford}{section.9.8}% 245
\BOOKMARK [2][-]{subsection.9.8.3}{SPFA}{section.9.8}% 246
\BOOKMARK [2][-]{subsection.9.8.4}{Floyd_Warshall}{section.9.8}% 247
\BOOKMARK [1][-]{section.9.9}{二分图匹配}{chapter.9}% 248
\BOOKMARK [2][-]{subsection.9.9.1}{概念}{section.9.9}% 249
\BOOKMARK [2][-]{subsection.9.9.2}{二分图的性质}{section.9.9}% 250
\BOOKMARK [2][-]{subsection.9.9.3}{二分图的判定}{section.9.9}% 251
\BOOKMARK [2][-]{subsection.9.9.4}{匈牙利算法\(Hungary Algorithm\)}{section.9.9}% 252
\BOOKMARK [2][-]{subsection.9.9.5}{输出最小点覆盖的点}{section.9.9}% 253
\BOOKMARK [2][-]{subsection.9.9.6}{霍普克洛夫特-卡普算法}{section.9.9}% 254
\BOOKMARK [2][-]{subsection.9.9.7}{二分图带权匹配}{section.9.9}% 255
\BOOKMARK [2][-]{subsection.9.9.8}{二分图带权匹配拆点}{section.9.9}% 256
\BOOKMARK [2][-]{subsection.9.9.9}{稳定婚姻匹配}{section.9.9}% 257
\BOOKMARK [1][-]{section.9.10}{普吕弗序列}{chapter.9}% 258
\BOOKMARK [2][-]{subsection.9.10.1}{由无根树生成普吕弗序列}{section.9.10}% 259
\BOOKMARK [2][-]{subsection.9.10.2}{从普吕弗序列还原无根树}{section.9.10}% 260
\BOOKMARK [2][-]{subsection.9.10.3}{结论}{section.9.10}% 261
\BOOKMARK [2][-]{subsection.9.10.4}{BZOJ\0401211}{section.9.10}% 262
\BOOKMARK [2][-]{subsection.9.10.5}{HDU\0405629}{section.9.10}% 263
\BOOKMARK [0][-]{chapter.10}{字符串}{}% 264
\BOOKMARK [1][-]{section.10.1}{KMP}{chapter.10}% 265
\BOOKMARK [1][-]{section.10.2}{Shift-And算法}{chapter.10}% 266
\BOOKMARK [1][-]{section.10.3}{字典树}{chapter.10}% 267
\BOOKMARK [2][-]{subsection.10.3.1}{HDU\0401857}{section.10.3}% 268
\BOOKMARK [2][-]{subsection.10.3.2}{HDU\0405536}{section.10.3}% 269
