\BOOKMARK [0][-]{chapter.1}{动态规划}{}% 1
\BOOKMARK [1][-]{section.1.1}{LIS}{chapter.1}% 2
\BOOKMARK [2][-]{subsection.1.1.1}{最长非降子序列}{section.1.1}% 3
\BOOKMARK [2][-]{subsection.1.1.2}{三维LIS}{section.1.1}% 4
\BOOKMARK [1][-]{section.1.2}{区间dp}{chapter.1}% 5
\BOOKMARK [2][-]{subsection.1.2.1}{LightOJ\0401422}{section.1.2}% 6
\BOOKMARK [2][-]{subsection.1.2.2}{PKU\0401142}{section.1.2}% 7
\BOOKMARK [2][-]{subsection.1.2.3}{CF\040149\040D}{section.1.2}% 8
\BOOKMARK [1][-]{section.1.3}{树型dp}{chapter.1}% 9
\BOOKMARK [2][-]{subsection.1.3.1}{树的直径}{section.1.3}% 10
\BOOKMARK [2][-]{subsection.1.3.2}{求树直径的方法}{section.1.3}% 11
\BOOKMARK [2][-]{subsection.1.3.3}{HDU\0404126}{section.1.3}% 12
\BOOKMARK [1][-]{section.1.4}{数位dp}{chapter.1}% 13
\BOOKMARK [2][-]{subsection.1.4.1}{2014\040GCJ\040Round\0401B}{section.1.4}% 14
\BOOKMARK [2][-]{subsection.1.4.2}{区间最大上升子序列长度为K的数字个数}{section.1.4}% 15
\BOOKMARK [2][-]{subsection.1.4.3}{区间所有和7“无关”数字平方和}{section.1.4}% 16
\BOOKMARK [2][-]{subsection.1.4.4}{SGU\040390\040Tickets}{section.1.4}% 17
\BOOKMARK [1][-]{section.1.5}{状压dp}{chapter.1}% 18
\BOOKMARK [2][-]{subsection.1.5.1}{覆盖模型}{section.1.5}% 19
\BOOKMARK [2][-]{subsection.1.5.2}{图论模型}{section.1.5}% 20
\BOOKMARK [1][-]{section.1.6}{dp优化}{chapter.1}% 21
\BOOKMARK [2][-]{subsection.1.6.1}{二进制优化}{section.1.6}% 22
\BOOKMARK [2][-]{subsection.1.6.2}{单调队列优化}{section.1.6}% 23
\BOOKMARK [2][-]{subsection.1.6.3}{斜率优化}{section.1.6}% 24
\BOOKMARK [2][-]{subsection.1.6.4}{四边形不等式优化}{section.1.6}% 25
\BOOKMARK [2][-]{subsection.1.6.5}{bitset优化}{section.1.6}% 26
