\BOOKMARK [0][-]{chapter.1}{基础}{}% 1
\BOOKMARK [1][-]{section.1.1}{常见错误}{chapter.1}% 2
\BOOKMARK [1][-]{section.1.2}{思考角度}{chapter.1}% 3
\BOOKMARK [1][-]{section.1.3}{奇巧淫技}{chapter.1}% 4
\BOOKMARK [2][-]{subsection.1.3.1}{memset初始化极大极小值和较大较小值}{section.1.3}% 5
\BOOKMARK [2][-]{subsection.1.3.2}{二进制中1的个数}{section.1.3}% 6
\BOOKMARK [2][-]{subsection.1.3.3}{vector去重}{section.1.3}% 7
\BOOKMARK [2][-]{subsection.1.3.4}{快速乘法}{section.1.3}% 8
\BOOKMARK [2][-]{subsection.1.3.5}{快速开方}{section.1.3}% 9
\BOOKMARK [2][-]{subsection.1.3.6}{高精度开根a1b}{section.1.3}% 10
\BOOKMARK [2][-]{subsection.1.3.7}{把所有点\(向量\)从第三象限开始逆时针排序}{section.1.3}% 11
\BOOKMARK [2][-]{subsection.1.3.8}{求长度为n的有序数组a中k的个数}{section.1.3}% 12
\BOOKMARK [2][-]{subsection.1.3.9}{C++关闭同步}{section.1.3}% 13
\BOOKMARK [2][-]{subsection.1.3.10}{cout浮点数控制精度输出}{section.1.3}% 14
\BOOKMARK [2][-]{subsection.1.3.11}{快读}{section.1.3}% 15
\BOOKMARK [1][-]{section.1.4}{结论}{chapter.1}% 16
\BOOKMARK [2][-]{subsection.1.4.1}{判断n个整数坐标能否构成正n边形}{section.1.4}% 17
\BOOKMARK [2][-]{subsection.1.4.2}{已知年月日计算星期几}{section.1.4}% 18
\BOOKMARK [2][-]{subsection.1.4.3}{方格染色}{section.1.4}% 19
\BOOKMARK [2][-]{subsection.1.4.4}{包含特定方格所有子矩阵面积和}{section.1.4}% 20
\BOOKMARK [2][-]{subsection.1.4.5}{n以内gcd\(a,b\)=d的无序对对数}{section.1.4}% 21
\BOOKMARK [2][-]{subsection.1.4.6}{gcd\(xa-1,xb-1\)=xgcd\(a,b\)-1}{section.1.4}% 22
\BOOKMARK [1][-]{section.1.5}{归并排序及利用归并排序求逆序对数}{chapter.1}% 23
\BOOKMARK [1][-]{section.1.6}{快排、利用快排查找第k大元素}{chapter.1}% 24
\BOOKMARK [1][-]{section.1.7}{矩阵快速幂}{chapter.1}% 25
\BOOKMARK [2][-]{subsection.1.7.1}{循环矩阵}{section.1.7}% 26
\BOOKMARK [1][-]{section.1.8}{高精度}{chapter.1}% 27
