\BOOKMARK [0][-]{chapter.1}{数论}{}% 1
\BOOKMARK [1][-]{section.1.1}{一些理论}{chapter.1}% 2
\BOOKMARK [2][-]{subsection.1.1.1}{大整数取模}{section.1.1}% 3
\BOOKMARK [2][-]{subsection.1.1.2}{哥德巴赫猜想（1+1问题）}{section.1.1}% 4
\BOOKMARK [2][-]{subsection.1.1.3}{费马小定理}{section.1.1}% 5
\BOOKMARK [2][-]{subsection.1.1.4}{素数定理}{section.1.1}% 6
\BOOKMARK [2][-]{subsection.1.1.5}{算数基本定理}{section.1.1}% 7
\BOOKMARK [2][-]{subsection.1.1.6}{ax+by=c的任意整数解}{section.1.1}% 8
\BOOKMARK [2][-]{subsection.1.1.7}{n是m的倍数，[1,n]中和m互素数个数}{section.1.1}% 9
\BOOKMARK [2][-]{subsection.1.1.8}{p为奇素数，1\(p - 1\) 模p的逆元对应全部1\(p-1\)中的所有数，既是单射也是满射}{section.1.1}% 10
\BOOKMARK [2][-]{subsection.1.1.9}{调和级数求和}{section.1.1}% 11
\BOOKMARK [2][-]{subsection.1.1.10}{如果gcd\(a,m\)=1,那么gcd\(a+k*m,m\)=1,kZ}{section.1.1}% 12
\BOOKMARK [2][-]{subsection.1.1.11}{指数降幂公式}{section.1.1}% 13
\BOOKMARK [1][-]{section.1.2}{素数筛}{chapter.1}% 14
\BOOKMARK [2][-]{subsection.1.2.1}{区间素数筛}{section.1.2}% 15
\BOOKMARK [1][-]{section.1.3}{分解质因数}{chapter.1}% 16
\BOOKMARK [2][-]{subsection.1.3.1}{给定n求满足ap = n的最大p}{section.1.3}% 17
\BOOKMARK [2][-]{subsection.1.3.2}{求满足lcm\(i, j\) = n\(1i j n1014\)的\(i, j\)对数}{section.1.3}% 18
\BOOKMARK [1][-]{section.1.4}{逆元}{chapter.1}% 19
\BOOKMARK [2][-]{subsection.1.4.1}{介绍}{section.1.4}% 20
\BOOKMARK [2][-]{subsection.1.4.2}{模素数逆元连乘}{section.1.4}% 21
\BOOKMARK [1][-]{section.1.5}{欧拉函数}{chapter.1}% 22
\BOOKMARK [2][-]{subsection.1.5.1}{介绍}{section.1.5}% 23
\BOOKMARK [2][-]{subsection.1.5.2}{求单个数的欧拉函数}{section.1.5}% 24
\BOOKMARK [2][-]{subsection.1.5.3}{欧拉筛}{section.1.5}% 25
\BOOKMARK [1][-]{section.1.6}{扩展欧几里德}{chapter.1}% 26
\BOOKMARK [2][-]{subsection.1.6.1}{裴蜀定理}{section.1.6}% 27
\BOOKMARK [2][-]{subsection.1.6.2}{求解逆元ax 1 \(mod n\)的最小非负数解}{section.1.6}% 28
\BOOKMARK [2][-]{subsection.1.6.3}{求所有解中C = |x| + |y|最小值}{section.1.6}% 29
\BOOKMARK [2][-]{subsection.1.6.4}{求最小非负整数解x和此时的y}{section.1.6}% 30
\BOOKMARK [1][-]{section.1.7}{模线性方程组}{chapter.1}% 31
\BOOKMARK [2][-]{subsection.1.7.1}{利用扩展欧几里德求解模线性同余方程 axb\(mod n\)}{section.1.7}% 32
\BOOKMARK [1][-]{section.1.8}{中国剩余定理}{chapter.1}% 33
\BOOKMARK [2][-]{subsection.1.8.1}{模数互素}{section.1.8}% 34
\BOOKMARK [2][-]{subsection.1.8.2}{模数不互素}{section.1.8}% 35
\BOOKMARK [1][-]{section.1.9}{法雷级数}{chapter.1}% 36
\BOOKMARK [2][-]{subsection.1.9.1}{介绍}{section.1.9}% 37
\BOOKMARK [2][-]{subsection.1.9.2}{n级法雷数列}{section.1.9}% 38
\BOOKMARK [2][-]{subsection.1.9.3}{法雷数列的构造}{section.1.9}% 39
\BOOKMARK [2][-]{subsection.1.9.4}{求n级法雷级数个数}{section.1.9}% 40
\BOOKMARK [2][-]{subsection.1.9.5}{性质}{section.1.9}% 41
\BOOKMARK [1][-]{section.1.10}{原根}{chapter.1}% 42
\BOOKMARK [2][-]{subsection.1.10.1}{介绍}{section.1.10}% 43
\BOOKMARK [2][-]{subsection.1.10.2}{求模素数p的所有原根}{section.1.10}% 44
\BOOKMARK [1][-]{section.1.11}{BSGS算法}{chapter.1}% 45
\BOOKMARK [2][-]{subsection.1.11.1}{扩展BSGS\(gcd\(a, p\)  != 1\)}{section.1.11}% 46
\BOOKMARK [1][-]{section.1.12}{莫比乌斯反演}{chapter.1}% 47
\BOOKMARK [2][-]{subsection.1.12.1}{积性函数}{section.1.12}% 48
\BOOKMARK [2][-]{subsection.1.12.2}{狄利克雷卷积}{section.1.12}% 49
\BOOKMARK [2][-]{subsection.1.12.3}{莫比乌斯反演公式}{section.1.12}% 50
\BOOKMARK [2][-]{subsection.1.12.4}{莫比乌斯函数}{section.1.12}% 51
\BOOKMARK [2][-]{subsection.1.12.5}{线性筛求解积性函数}{section.1.12}% 52
\BOOKMARK [1][-]{section.1.13}{反素数}{chapter.1}% 53
\BOOKMARK [2][-]{subsection.1.13.1}{介绍}{section.1.13}% 54
\BOOKMARK [2][-]{subsection.1.13.2}{求最小的n使得其约数个数为x}{section.1.13}% 55
\BOOKMARK [1][-]{section.1.14}{卢卡斯定理}{chapter.1}% 56
\BOOKMARK [2][-]{subsection.1.14.1}{给定n求Cnm\(0mn108\)为奇数的m个数}{section.1.14}% 57
\BOOKMARK [1][-]{section.1.15}{特殊方法}{chapter.1}% 58
\BOOKMARK [2][-]{subsection.1.15.1}{nk的高三位}{section.1.15}% 59
\BOOKMARK [2][-]{subsection.1.15.2}{约数个数之和，定义d\(i\)为i的约数个数}{section.1.15}% 60
\BOOKMARK [2][-]{subsection.1.15.3}{给定k，求最小的n使得n的约数个数恰为n-k个\(k47777\)}{section.1.15}% 61
\BOOKMARK [2][-]{subsection.1.15.4}{Cnm12mumod p\(p=p1*p2,且p1,p2为素数\)}{section.1.15}% 62
