\BOOKMARK [0][-]{chapter.1}{计算几何}{}% 1
\BOOKMARK [1][-]{section.1.1}{简单}{chapter.1}% 2
\BOOKMARK [2][-]{subsection.1.1.1}{定义}{section.1.1}% 3
\BOOKMARK [2][-]{subsection.1.1.2}{顺时针输出所有顶点}{section.1.1}% 4
\BOOKMARK [2][-]{subsection.1.1.3}{求半径R圆覆盖最多点数及由圆上两点和半径求圆心}{section.1.1}% 5
\BOOKMARK [2][-]{subsection.1.1.4}{计算两圆公共部分面积}{section.1.1}% 6
\BOOKMARK [2][-]{subsection.1.1.5}{判断两线段是否相交}{section.1.1}% 7
\BOOKMARK [2][-]{subsection.1.1.6}{判断点和多边形的关系}{section.1.1}% 8
\BOOKMARK [2][-]{subsection.1.1.7}{计算多边形的最小宽度}{section.1.1}% 9
\BOOKMARK [2][-]{subsection.1.1.8}{计算多边形的最长内直径}{section.1.1}% 10
\BOOKMARK [1][-]{section.1.2}{凸包}{chapter.1}% 11
\BOOKMARK [2][-]{subsection.1.2.1}{求凸包顶点:Graham扫描法}{section.1.2}% 12
\BOOKMARK [2][-]{subsection.1.2.2}{判断稳定凸包}{section.1.2}% 13
\BOOKMARK [2][-]{subsection.1.2.3}{凸包直径}{section.1.2}% 14
\BOOKMARK [2][-]{subsection.1.2.4}{凸包周长及面积}{section.1.2}% 15
\BOOKMARK [2][-]{subsection.1.2.5}{凸包最大三角形面积}{section.1.2}% 16
\BOOKMARK [2][-]{subsection.1.2.6}{凸包最大四边形面积}{section.1.2}% 17
\BOOKMARK [2][-]{subsection.1.2.7}{最小覆盖矩形面积}{section.1.2}% 18
\BOOKMARK [2][-]{subsection.1.2.8}{凸包最小外接平行四边形面积}{section.1.2}% 19
\BOOKMARK [2][-]{subsection.1.2.9}{两相离凸包最短距离}{section.1.2}% 20
\BOOKMARK [1][-]{section.1.3}{三维几何}{chapter.1}% 21
\BOOKMARK [2][-]{subsection.1.3.1}{任意四面体的外接球半径公式}{section.1.3}% 22
\BOOKMARK [2][-]{subsection.1.3.2}{定义}{section.1.3}% 23
\BOOKMARK [2][-]{subsection.1.3.3}{给定四个点，求四面体内切球球心和半径}{section.1.3}% 24
\BOOKMARK [2][-]{subsection.1.3.4}{给定四面体的六条边长求四面体体积}{section.1.3}% 25
